[12:34:47.146][INFO]: Successfully identified and loaded plugin botania:default
[12:34:47.158][INFO]: Successfully identified and loaded plugin jeitweaker:default
[12:34:47.196][INFO]: Successfully identified and loaded plugin crafttweaker:builtin
[12:34:47.204][INFO]: Successfully identified and loaded plugin crafttweaker:builtin_forge
[12:34:47.207][INFO]: Successfully identified and loaded plugin mekanism:crt_plugin
[12:34:47.211][INFO]: Successfully identified and loaded plugin immersiveengineering:ct_module
[12:34:50.501][INFO]: The following mods have explicit CraftTweaker support through the default plugin:
[12:34:50.505][INFO]: - 'botania' at version '1.18.2-435'
[12:34:50.505][INFO]: - 'crafttweaker' at version '9.1.209'
[12:34:50.505][INFO]: - 'draconicevolution' at version '3.0.29.524'
[12:34:50.505][INFO]: - 'excompressum' at version '5.0.3'
[12:34:50.505][INFO]: - 'exnihilosequentia' at version '1.18.2-20230528-221633'
[12:34:50.505][INFO]: - 'extendedcrafting' at version '4.1.2'
[12:34:50.505][INFO]: - 'gamestages' at version '8.1.3'
[12:34:50.505][INFO]: - 'immersiveengineering' at version '1.18.2-8.4.0-161'
[12:34:50.506][INFO]: - 'itemstages' at version '4.0.3'
[12:34:50.506][INFO]: - 'jeitweaker' at version '3.0.0.9'
[12:34:50.506][INFO]: - 'mekanism' at version '10.2.5'
[12:34:50.506][INFO]: - 'mysticalagriculture' at version '5.1.5'
[12:34:50.506][INFO]: - 'projecte' at version '1.0.1'
[12:34:50.506][INFO]: - 'thermal' at version '9.2.0.46'
[12:34:50.506][INFO]: - 'thermal_foundation' at version '9.2.0.46'
[12:34:52.067][WARN]: Attempting to register expansion for unknown type 'crafttweaker.api.tag.type.KnownTag<crafttweaker.api.item.MCItemDefinition>', carrying on anyways
[12:35:26.390][INFO]: Started loading scripts for loader 'mekanismcontent'
[12:35:27.727][INFO]: Compiling and executing scripts
[12:35:30.371][INFO]: Successfully initialized modules [mods, crafttweaker, expansions]
[12:35:31.393][INFO]: Execution for loader 'mekanismcontent' completed successfully
[12:35:31.395][INFO]: Registering 0 custom gases.
[12:35:31.420][INFO]: Registering 0 custom infuse types.
[12:35:31.445][INFO]: Registering 0 custom pigments.
[12:35:31.457][INFO]: Registering 0 custom robit skins.
[12:35:31.476][INFO]: Registering 0 custom slurries.
[12:36:03.254][INFO]: Started loading scripts for loader 'initialize'
[12:36:05.062][INFO]: Compiling and executing scripts
[12:36:05.065][INFO]: Successfully initialized modules [crafttweaker, expansions]
[12:36:05.125][INFO]: Execution for loader 'initialize' completed successfully
[12:41:12.993][INFO]: Started loading scripts for loader 'tags'
[12:41:13.144][INFO]: Compiling and executing scripts
[12:41:13.207][INFO]: Successfully initialized modules [crafttweaker, expansions]
[12:41:13.262][INFO]: Execution for loader 'tags' completed successfully
[12:41:25.083][INFO]: Started loading scripts for loader 'crafttweaker'
[12:41:25.099][INFO]: Compiling and executing scripts
[12:41:25.463][INFO]: Successfully initialized modules [mods, crafttweaker, expansions]
[12:41:25.464][INFO]: Loading file 'extended_crafting.zs' with priority 0
[12:41:25.466][INFO]: Loading file 'game_stages.zs' with priority 0
[12:41:25.518][INFO]: Adding Shaped Table recipe for <item:projecte:philosophers_stone>
[12:41:25.519][INFO]: Adding Shaped Table recipe for <item:kubejs:3_component>
[12:41:25.519][INFO]: Adding Shaped Table recipe for <item:kubejs:6_component>
[12:41:25.524][INFO]: [ItemStages] Creating new restriction for stages [create_stage].
[12:41:25.525][INFO]: [ItemStages] Creating new restriction for stages [botany_pots_stage].
[12:41:25.525][INFO]: [ItemStages] Creating new restriction for stages [botany_pots_tiers_stage].
[12:41:25.525][INFO]: [ItemStages] Creating new restriction for stages [mysticalagriculture_stage].
[12:41:25.525][INFO]: [ItemStages] Creating new restriction for stages [hostilenetworks_stage].
[12:41:25.525][INFO]: [ItemStages] Creating new restriction for stages [uncrafter_stage].
[12:41:25.525][INFO]: [ItemStages] Creating new restriction for stages [projecte_stage].
[12:41:25.526][INFO]: [ItemStages] Creating new restriction for stages [extendedexchange_stage].
[12:41:25.526][INFO]: Execution for loader 'crafttweaker' completed successfully
[12:41:25.528][INFO]: This reload was made possible by Ncc1702 and more! Become a patron at https://patreon.com/jaredlll08?s=crtmod
